Job id: 29163373
Allocated node: cpu-e-59
Wed 23 Sep 11:41:59 BST 2020

Job name: s04_annotate_with_vep

Initial working folder:
/rds/project/erf33/rds-erf33-medgen/users/mae/RMS_2020Sept/RMS_cclgAB/scripts/s05_annotate

 ------------------ Job progress ------------------ 

Started s04_annotate_with_vep: 23Sep2020_11:41:59

--- Settings ---

source_vcf: /rds/project/erf33/rds-erf33-medgen/users/mae/RMS_2020Sept/RMS_cclgAB/data/s05_annotate/CCLG_GL_hg38.bwa_10bp_vqsr_qual_dp_sma_cln_tag_ac_id_clinvar.vcf.gz
vep_vcf: /rds/project/erf33/rds-erf33-medgen/users/mae/RMS_2020Sept/RMS_cclgAB/data/s05_annotate/CCLG_GL_hg38.bwa_10bp_vqsr_qual_dp_sma_cln_tag_ac_id_clinvar_vep.vcf.gz
vep_log: /rds/project/erf33/rds-erf33-medgen/users/mae/RMS_2020Sept/RMS_cclgAB/data/s05_annotate/CCLG_GL_hg38.bwa_10bp_vqsr_qual_dp_sma_cln_tag_ac_id_clinvar_vep.log
vep_report: /rds/project/erf33/rds-erf33-medgen/users/mae/RMS_2020Sept/RMS_cclgAB/data/s05_annotate/CCLG_GL_hg38.bwa_10bp_vqsr_qual_dp_sma_cln_tag_ac_id_clinvar_vep.html

n_threads: 8

--- Data sources ---

cache_folder: /rds/project/erf33/rds-erf33-medgen/tools/vep/v101_b38/ensembl-vep/cache
cache_version: 101
cache_assembly: GRCh38

b38_fasta: /rds/project/erf33/rds-erf33-medgen/users/mae/RMS_2020Sept/RMS_cclgAB/resources/ref_genome/hg38.bwa.fa

See used VEP cache description in the following file:
/rds/project/erf33/rds-erf33-medgen/users/mae/RMS_2020Sept/RMS_cclgAB/data/s05_annotate/s04_vep_cache_info.txt

plugins_folder: /rds/project/erf33/rds-erf33-medgen/tools/vep/v101_b38/ensembl-vep/plugins

CADD annotation files:
/rds/project/erf33/rds-erf33-medgen/resources/cadd/v1.6_b38/whole_genome_SNVs.tsv.gz
/rds/project/erf33/rds-erf33-medgen/resources/cadd/v1.6_b38/gnomad.genomes.r3.0.indel.tsv.gz

Working...

Added VEP annotations:

0	Allele
1	Consequence
2	IMPACT
3	SYMBOL
4	Gene
5	Feature_type
6	Feature
7	BIOTYPE
8	EXON
9	INTRON
10	HGVSc
11	HGVSp
12	cDNA_position
13	CDS_position
14	Protein_position
15	Amino_acids
16	Codons
17	Existing_variation
18	DISTANCE
19	STRAND
20	FLAGS
21	VARIANT_CLASS
22	SYMBOL_SOURCE
23	HGNC_ID
24	CANONICAL
25	MANE
26	TSL
27	APPRIS
28	CCDS
29	ENSP
30	SWISSPROT
31	TREMBL
32	UNIPARC
33	GENE_PHENO
34	NEAREST
35	SIFT
36	PolyPhen
37	DOMAINS
38	miRNA
39	HGVS_OFFSET
40	AF
41	AFR_AF
42	AMR_AF
43	EAS_AF
44	EUR_AF
45	SAS_AF
46	AA_AF
47	EA_AF
48	gnomAD_AF
49	gnomAD_AFR_AF
50	gnomAD_AMR_AF
51	gnomAD_ASJ_AF
52	gnomAD_EAS_AF
53	gnomAD_FIN_AF
54	gnomAD_NFE_AF
55	gnomAD_OTH_AF
56	gnomAD_SAS_AF
57	MAX_AF
58	MAX_AF_POPS
59	CLIN_SIG
60	SOMATIC
61	PHENO
62	PUBMED
63	VAR_SYNONYMS
64	MOTIF_NAME
65	MOTIF_POS
66	HIGH_INF_POS
67	MOTIF_SCORE_CHANGE
68	TRANSCRIPTION_FACTORS
69	CADD_PHRED
70	CADD_RAW

Done: 23Sep2020_11:52:57

