Job id: 29605353
Allocated node: cpu-e-120
Sat  3 Oct 15:14:45 BST 2020

Job name: s01_split_multiallelic_sites

Initial working folder:
/rds/project/erf33/rds-erf33-medgen/users/mae/RMS_2020Sept/RMS_cclgAB/scripts/s04_split_multiallelic_sites

 ------------------ Job progress ------------------ 

Started s01_split: 03Oct2020_15:14:45

Variant counts before splitting:

Number of samples: 84
Number of SNPs:    135482
Number of INDELs:  10599
Number of MNPs:    0
Number of others:  0
Number of sites:   145689

Splitting multiallelic variants ...

Variant counts after splitting: 

Number of samples: 84
Number of SNPs:    135774
Number of INDELs:  15024
Number of MNPs:    0
Number of others:  0
Number of sites:   151169

Done: 03Oct2020_15:15:48

