Job id: 29017915
Allocated node: cpu-e-416
Mon 21 Sep 12:18:20 BST 2020

Job name: s01_vqsr_add_filter

Initial working folder:
/rds/project/erf33/rds-erf33-medgen/users/mae/RMS_2020Sept/scripts/s02_vqsr

 ------------------ Job progress ------------------

Started s01_vqsr_add_filter: 21Sep2020_12:18:20

Started training vqsr snp model
Completed training vqsr snp model: 21Sep2020_12:30:26

Started applying vqsr snp model
Completed applying vqsr snp model: 21Sep2020_12:45:47

Started training vqsr indel model
Completed training vqsr indel model: 21Sep2020_12:56:28

Started applying vqsr indel model
Completed applying vqsr indel model: 21Sep2020_13:14:02

Variant counts:

Number of samples: 84
Number of SNPs:    175610
Number of INDELs:  19047
Number of MNPs:    0
Number of others:  0
Number of sites:   193894

--- FILTER ---

 158278 PASS
  23537 VQSRTrancheSNP99.00to100.00
   5865 VQSRTrancheSNP97.00to99.00
   4641 VQSRTrancheINDEL99.00to100.00
   1310 VQSRTrancheINDEL97.00to99.00
    263 VQSRTrancheINDEL95.00to97.00

Done all tasks
